<?xml version="1.0" encoding="UTF-8"?>
<!-- Generated by org.testng.reporters.JUnitReportReporter -->
<testsuite hostname="swap" failures="0" tests="1" name="TestNG_Class" time="0.008" errors="0" timestamp="2020-11-10T15:18:43 IST" skipped="0">
  <testcase classname="TestNG_Class" name="sampleTest" time="0.008"/>
  <system-out/>
</testsuite> <!-- TestNG_Class -->
